<?xml version="1.0" encoding="UTF-8"?>
<!-- Generated by org.testng.reporters.JUnitXMLReporter -->
<testsuite hostname="LAPTOP-7NBG868B" ignored="4" name="Test" tests="2" failures="0" timestamp="19 Aug 2022 11:12:46 GMT" time="0.04" errors="0">
  <testcase name="tco2" time="0.008" classname="TestNg.Groupings"/>
  <testcase name="tco6" time="0.002" classname="TestNg.Groupings"/>
  <testcase name="tco4" time="0.0" classname="TestNg.Groupings">
    <ignored/>
  </testcase> <!-- tco4 -->
  <testcase name="tco5" time="0.0" classname="TestNg.Groupings">
    <ignored/>
  </testcase> <!-- tco5 -->
  <testcase name="tco3" time="0.0" classname="TestNg.Groupings">
    <ignored/>
  </testcase> <!-- tco3 -->
  <testcase name="tco1" time="0.0" classname="TestNg.Groupings">
    <ignored/>
  </testcase> <!-- tco1 -->
</testsuite> <!-- Test -->
